  ChineseChess.cpp
d:\my file\github\chinese-chess\chinesechess\chinesechess\chinesechess.cpp(34): warning C4996: 'kbhit': The POSIX name for this item is deprecated. Instead, use the ISO C and C++ conformant name: _kbhit. See online help for details.
  c:\program files (x86)\windows kits\10\include\10.0.17763.0\ucrt\conio.h(459): note: 請參閱 'kbhit' 的宣告
d:\my file\github\chinese-chess\chinesechess\chinesechess\chinesechess.cpp(36): warning C4996: 'getch': The POSIX name for this item is deprecated. Instead, use the ISO C and C++ conformant name: _getch. See online help for details.
  c:\program files (x86)\windows kits\10\include\10.0.17763.0\ucrt\conio.h(453): note: 請參閱 'getch' 的宣告
d:\my file\github\chinese-chess\chinesechess\chinesechess\chinesechess.cpp(161): warning C4996: 'kbhit': The POSIX name for this item is deprecated. Instead, use the ISO C and C++ conformant name: _kbhit. See online help for details.
  c:\program files (x86)\windows kits\10\include\10.0.17763.0\ucrt\conio.h(459): note: 請參閱 'kbhit' 的宣告
d:\my file\github\chinese-chess\chinesechess\chinesechess\chinesechess.cpp(163): warning C4996: 'getch': The POSIX name for this item is deprecated. Instead, use the ISO C and C++ conformant name: _getch. See online help for details.
  c:\program files (x86)\windows kits\10\include\10.0.17763.0\ucrt\conio.h(453): note: 請參閱 'getch' 的宣告
d:\my file\github\chinese-chess\chinesechess\chinesechess\chinesechess.cpp(167): warning C4996: 'getch': The POSIX name for this item is deprecated. Instead, use the ISO C and C++ conformant name: _getch. See online help for details.
  c:\program files (x86)\windows kits\10\include\10.0.17763.0\ucrt\conio.h(453): note: 請參閱 'getch' 的宣告
d:\my file\github\chinese-chess\chinesechess\chinesechess\chinesechess.cpp(281): warning C4996: 'kbhit': The POSIX name for this item is deprecated. Instead, use the ISO C and C++ conformant name: _kbhit. See online help for details.
  c:\program files (x86)\windows kits\10\include\10.0.17763.0\ucrt\conio.h(459): note: 請參閱 'kbhit' 的宣告
d:\my file\github\chinese-chess\chinesechess\chinesechess\chinesechess.cpp(283): warning C4996: 'getch': The POSIX name for this item is deprecated. Instead, use the ISO C and C++ conformant name: _getch. See online help for details.
  c:\program files (x86)\windows kits\10\include\10.0.17763.0\ucrt\conio.h(453): note: 請參閱 'getch' 的宣告
d:\my file\github\chinese-chess\chinesechess\chinesechess\chinesechess.cpp(286): warning C4996: 'getch': The POSIX name for this item is deprecated. Instead, use the ISO C and C++ conformant name: _getch. See online help for details.
  c:\program files (x86)\windows kits\10\include\10.0.17763.0\ucrt\conio.h(453): note: 請參閱 'getch' 的宣告
d:\my file\github\chinese-chess\chinesechess\chinesechess\chinesechess.cpp(313): warning C4996: 'getch': The POSIX name for this item is deprecated. Instead, use the ISO C and C++ conformant name: _getch. See online help for details.
  c:\program files (x86)\windows kits\10\include\10.0.17763.0\ucrt\conio.h(453): note: 請參閱 'getch' 的宣告
  ChineseChess.vcxproj -> D:\My file\Github\Chinese-chess\ChineseChess\Debug\ChineseChess.exe
